<?xml version="1.0" encoding="UTF-8"?>
<!-- Generated by org.testng.reporters.JUnitReportReporter -->
<testsuite hostname="Abhishek" failures="0" tests="1" name="Day2.DifferentWaysToCreatePostRequestBody" time="2.148" errors="0" timestamp="2024-01-26T00:08:40 IST" skipped="0">
  <testcase classname="Day2.DifferentWaysToCreatePostRequestBody" name="testDelete" time="2.148"/>
  <system-out/>
</testsuite> <!-- Day2.DifferentWaysToCreatePostRequestBody -->
