<?xml version="1.0" encoding="UTF-8"?>
<!-- Generated by org.testng.reporters.JUnitReportReporter -->
<testsuite hostname="Abhishek" failures="0" tests="1" name="Day8.CreateUser" time="2.674" errors="0" timestamp="2024-01-27T14:49:38 IST" skipped="0">
  <testcase classname="Day8.CreateUser" name="testCreateUser" time="2.674"/>
  <system-out/>
</testsuite> <!-- Day8.CreateUser -->
