<?xml version="1.0" encoding="UTF-8"?>
<!-- Generated by org.testng.reporters.JUnitReportReporter -->
<testsuite hostname="Abhishek" failures="0" tests="1" name="Day3.LoggingDemo" time="1.689" errors="0" timestamp="2024-01-26T14:05:59 IST" skipped="0">
  <testcase classname="Day3.LoggingDemo" name="testLogs" time="1.689"/>
  <system-out/>
</testsuite> <!-- Day3.LoggingDemo -->
