<?xml version="1.0" encoding="UTF-8"?>
<!-- Generated by org.testng.reporters.JUnitReportReporter -->
<testsuite hostname="Abhishek" failures="0" tests="1" name="Day8.GetUser" time="0.330" errors="0" timestamp="2024-01-27T14:49:38 IST" skipped="0">
  <testcase classname="Day8.GetUser" name="testGetUser" time="0.330"/>
  <system-out/>
</testsuite> <!-- Day8.GetUser -->
