<?xml version="1.0" encoding="UTF-8"?>
<!-- Generated by org.testng.reporters.JUnitReportReporter -->
<testsuite hostname="Abhishek" failures="0" tests="1" name="Day6.JSONSchemaValidation" time="1.881" errors="0" timestamp="2024-01-26T20:32:16 IST" skipped="0">
  <testcase classname="Day6.JSONSchemaValidation" name="jsonSchemaValidation" time="1.881"/>
  <system-out/>
</testsuite> <!-- Day6.JSONSchemaValidation -->
