<?xml version="1.0" encoding="UTF-8"?>
<!-- Generated by org.testng.reporters.JUnitReportReporter -->
<testsuite hostname="Abhishek" failures="0" tests="1" name="Day6.SerializationDeserialization" time="2.038" errors="0" timestamp="2024-01-26T23:05:50 IST" skipped="0">
  <testcase classname="Day6.SerializationDeserialization" name="convertJsonToPojo" time="2.038"/>
  <system-out/>
</testsuite> <!-- Day6.SerializationDeserialization -->
