<?xml version="1.0" encoding="UTF-8"?>
<!-- Generated by org.testng.reporters.JUnitReportReporter -->
<testsuite hostname="Abhishek" failures="0" tests="1" name="Day7.Authentications" time="3.895" errors="0" timestamp="2024-01-27T11:50:05 IST" skipped="0">
  <testcase classname="Day7.Authentications" name="testAPIKeyAuthentication" time="3.895"/>
  <system-out/>
</testsuite> <!-- Day7.Authentications -->
