<?xml version="1.0" encoding="UTF-8"?>
<!-- Generated by org.testng.reporters.JUnitReportReporter -->
<testsuite hostname="Abhishek" failures="0" tests="4" name="Day1.HTTPRequests" time="5.289" errors="0" timestamp="2024-01-25T18:42:49 IST" skipped="0">
  <testcase classname="Day1.HTTPRequests" name="getUsers" time="2.654"/>
  <system-out/>
  <testcase classname="Day1.HTTPRequests" name="createUser" time="1.103"/>
  <system-out/>
  <testcase classname="Day1.HTTPRequests" name="updateUser" time="0.842"/>
  <system-out/>
  <testcase classname="Day1.HTTPRequests" name="deleteUser" time="0.690"/>
  <system-out/>
</testsuite> <!-- Day1.HTTPRequests -->
