<?xml version="1.0" encoding="UTF-8"?>
<!-- Generated by org.testng.reporters.JUnitReportReporter -->
<testsuite hostname="Abhishek" failures="0" tests="1" name="Day4.ParsingJSONResponseData" time="1.785" errors="0" timestamp="2024-01-26T17:16:59 IST" skipped="0">
  <testcase classname="Day4.ParsingJSONResponseData" name="testJSONResponseWay2" time="1.785"/>
  <system-out/>
</testsuite> <!-- Day4.ParsingJSONResponseData -->
