<?xml version="1.0" encoding="UTF-8"?>
<!-- Generated by org.testng.reporters.JUnitReportReporter -->
<testsuite hostname="Abhishek" failures="0" tests="1" name="Day3.CookiesDemo" time="2.228" errors="0" timestamp="2024-01-26T13:32:25 IST" skipped="0">
  <testcase classname="Day3.CookiesDemo" name="captureAllCookiesInformation" time="2.228"/>
  <system-out/>
</testsuite> <!-- Day3.CookiesDemo -->
