<?xml version="1.0" encoding="UTF-8"?>
<!-- Generated by org.testng.reporters.JUnitReportReporter -->
<testsuite hostname="Abhishek" failures="0" tests="1" name="Day5.ParsingXMLResponse" time="2.256" errors="0" timestamp="2024-01-26T19:18:06 IST" skipped="0">
  <testcase classname="Day5.ParsingXMLResponse" name="testXMLResponseBody" time="2.256"/>
  <system-out/>
</testsuite> <!-- Day5.ParsingXMLResponse -->
