<?xml version="1.0" encoding="UTF-8"?>
<!-- Generated by org.testng.reporters.JUnitReportReporter -->
<testsuite hostname="Abhishek" failures="0" tests="1" name="Day3.HeadersDemo" time="2.359" errors="0" timestamp="2024-01-26T13:55:20 IST" skipped="0">
  <testcase classname="Day3.HeadersDemo" name="getAllHeadersInfo" time="2.359"/>
  <system-out/>
</testsuite> <!-- Day3.HeadersDemo -->
