<?xml version="1.0" encoding="UTF-8"?>
<!-- Generated by org.testng.reporters.JUnitReportReporter -->
<testsuite hostname="Abhishek" failures="0" tests="1" name="Day7.FakerDataGenerator" time="0.494" errors="0" timestamp="2024-01-27T11:56:05 IST" skipped="0">
  <testcase classname="Day7.FakerDataGenerator" name="testGenerateDummyData" time="0.494"/>
  <system-out/>
</testsuite> <!-- Day7.FakerDataGenerator -->
