<?xml version="1.0" encoding="UTF-8"?>
<!-- Generated by org.testng.reporters.JUnitReportReporter -->
<testsuite hostname="Abhishek" failures="0" tests="1" name="Day6.SchemaValidation" time="1.639" errors="0" timestamp="2024-01-26T21:09:19 IST" skipped="0">
  <testcase classname="Day6.SchemaValidation" name="xmlSchemaValidation" time="1.639"/>
  <system-out/>
</testsuite> <!-- Day6.SchemaValidation -->
