<?xml version="1.0" encoding="UTF-8"?>
<!-- Generated by org.testng.reporters.JUnitReportReporter -->
<testsuite hostname="Abhishek" failures="0" tests="1" name="Day3.PathAndQueryParameters" time="2.771" errors="0" timestamp="2024-01-26T12:43:55 IST" skipped="0">
  <testcase classname="Day3.PathAndQueryParameters" name="testQueryAndPathParameters" time="2.771"/>
  <system-out/>
</testsuite> <!-- Day3.PathAndQueryParameters -->
